生成启动时间为 2018/1/15 22:26:51。
     1>项目“D:\EarthViewEditor\OgreMain\OgreMain.vcxproj”在节点 2 上(Build 个目标)。
     1>C:\Program Files (x86)\MSBuild\Microsoft.Cpp\v4.0\V110\Microsoft.CppBuild.targets(345,5): warning MSB8004: Intermediate Directory does not end with a trailing slash.  This build instance will add the slash as it is required to allow proper evaluation of the Intermediate Directory.
     1>C:\Program Files (x86)\MSBuild\Microsoft.Cpp\v4.0\V110\Microsoft.CppBuild.targets(346,5): warning MSB8004: Output Directory does not end with a trailing slash.  This build instance will add the slash as it is required to allow proper evaluation of the Output Directory.
     1>InitializeBuildStatus:
         正在创建“..\bin\Debug\OgreMain.unsuccessfulbuild”，因为已指定“AlwaysCreate”。
       ClCompile:
         C:\Program Files (x86)\Microsoft Visual Studio 11.0\VC\bin\CL.exe /c /ID:\EarthViewEditor\OgreMain\include /ID:\EarthViewEditor\include /ID:\EarthViewEditor\Dependencies\include /ID:\EarthViewEditor\Dependencies\include\OIS /ID:\EarthViewEditor\Dependencies\include\Cg /ID:\EarthViewEditor\OgreMain\include\Threading /ID:\EarthViewEditor\OgreMain\include\WIN32 /ID:\EarthViewEditor\OgreMain\src\nedmalloc /Zi /nologo /W3 /WX- /MP /Od /Ob0 /Oi /Oy- /D WIN32 /D _WINDOWS /D _DEBUG /D DEBUG /D OGRE_NONCLIENT_BUILD /D FREEIMAGE_LIB /D _MT /D _USRDLL /D "CMAKE_INTDIR=\"Debug\"" /D OgreMain_EXPORTS /D _WINDLL /D _MBCS /Gm- /EHsc /RTC1 /MDd /GS /fp:fast /Zc:wchar_t /Zc:forScope /GR /Yc"OgreStableHeaders.h" /Fp"..\bin\Debug\OgreMain_d.pch" /Fo"..\bin\Debug\\" /Fd"..\bin\Debug\vc110.pdb" /Gd /TP /wd4786 /wd4503 /wd4251 /wd4275 /wd4290 /wd4661 /wd4996 /wd4127 /wd4100 /analyze- /errorReport:prompt /Zm113 src\OgrePrecompiledHeaders.cpp
         OgrePrecompiledHeaders.cpp
     1>d:\earthvieweditor\ogremain\include\OgreMath.h : warning C4819: 该文件包含不能在当前代码页(936)中表示的字符。请将该文件保存为 Unicode 格式以防止数据丢失
         C:\Program Files (x86)\Microsoft Visual Studio 11.0\VC\bin\CL.exe /c /ID:\EarthViewEditor\OgreMain\include /ID:\EarthViewEditor\include /ID:\EarthViewEditor\Dependencies\include /ID:\EarthViewEditor\Dependencies\include\OIS /ID:\EarthViewEditor\Dependencies\include\Cg /ID:\EarthViewEditor\OgreMain\include\Threading /ID:\EarthViewEditor\OgreMain\include\WIN32 /ID:\EarthViewEditor\OgreMain\src\nedmalloc /Zi /nologo /W3 /WX- /MP /Od /Ob0 /Oi /Oy- /D WIN32 /D _WINDOWS /D _DEBUG /D DEBUG /D OGRE_NONCLIENT_BUILD /D FREEIMAGE_LIB /D _MT /D _USRDLL /D "CMAKE_INTDIR=\"Debug\"" /D OgreMain_EXPORTS /D _WINDLL /D _MBCS /Gm- /EHsc /RTC1 /MDd /GS /fp:fast /Zc:wchar_t /Zc:forScope /GR /Yu"OgreStableHeaders.h" /Fp"..\bin\Debug\OgreMain_d.pch" /Fo"..\bin\Debug\\" /Fd"..\bin\Debug\vc110.pdb" /Gd /TP /wd4786 /wd4503 /wd4251 /wd4275 /wd4290 /wd4661 /wd4996 /wd4127 /wd4100 /analyze- /errorReport:prompt /Zm113 src\OgreAlignedAllocator.cpp src\OgreAnimable.cpp src\OgreAnimation.cpp src\OgreAnimationState.cpp src\OgreAnimationTrack.cpp src\OgreArchiveManager.cpp src\OgreAutoParamDataSource.cpp src\OgreAxisAlignedBox.cpp src\OgreBillboard.cpp src\OgreBillboardChain.cpp src\OgreBillboardParticleRenderer.cpp src\OgreBillboardSet.cpp src\OgreBone.cpp src\OgreCamera.cpp src\OgreCodec.cpp src\OgreColourValue.cpp src\OgreCommon.cpp src\OgreCompositionPass.cpp src\OgreCompositionTargetPass.cpp src\OgreCompositionTechnique.cpp src\OgreCompositor.cpp src\OgreCompositorChain.cpp src\OgreCompositorInstance.cpp src\OgreCompositorManager.cpp src\OgreConfigFile.cpp src\OgreControllerManager.cpp src\OgreConvexBody.cpp src\OgreDataStream.cpp src\OgreDefaultHardwareBufferManager.cpp src\OgreDefaultSceneQueries.cpp src\OgreDeflate.cpp src\OgreDepthBuffer.cpp src\OgreDistanceLodStrategy.cpp src\OgreDualQuaternion.cpp src\OgreDynLib.cpp src\OgreDynLibManager.cpp src\OgreEdgeListBuilder.cpp src\OgreEntity.cpp src\OgreException.cpp src\OgreExternalTextureSource.cpp src\OgreExternalTextureSourceManager.cpp src\OgreFileSystem.cpp src\OgreFrustum.cpp src\OgreGpuProgram.cpp src\OgreGpuProgramManager.cpp src\OgreGpuProgramParams.cpp src\OgreGpuProgramUsage.cpp src\OgreHardwareBufferManager.cpp src\OgreHardwareCounterBuffer.cpp src\OgreHardwareIndexBuffer.cpp src\OgreHardwareOcclusionQuery.cpp src\OgreHardwarePixelBuffer.cpp src\OgreHardwareUniformBuffer.cpp src\OgreHardwareVertexBuffer.cpp src\OgreHighLevelGpuProgram.cpp src\OgreHighLevelGpuProgramManager.cpp src\OgreImage.cpp src\OgreInstanceBatch.cpp src\OgreInstanceBatchHW.cpp src\OgreInstanceBatchHW_VTF.cpp src\OgreInstanceBatchShader.cpp src\OgreInstanceBatchVTF.cpp src\OgreInstancedGeometry.cpp src\OgreInstancedEntity.cpp src\OgreInstanceManager.cpp src\OgreKeyFrame.cpp src\OgreLight.cpp src\OgreLodStrategy.cpp src\OgreLodStrategyManager.cpp src\OgreLog.cpp src\OgreLogManager.cpp src\OgreManualObject.cpp src\OgreMaterial.cpp src\OgreMaterialManager.cpp src\OgreMaterialSerializer.cpp src\OgreMath.cpp src\OgreMatrix3.cpp src\OgreMatrix4.cpp src\OgreMemoryAllocatedObject.cpp src\OgreMemoryNedAlloc.cpp src\OgreMemoryNedPooling.cpp src\OgreMemoryTracker.cpp src\OgreMesh.cpp src\OgreMeshManager.cpp src\OgreMeshSerializer.cpp src\OgreMeshSerializerImpl.cpp src\OgreMovableObject.cpp src\OgreMovablePlane.cpp src\OgreNode.cpp src\OgreNumerics.cpp src\OgreOptimisedUtil.cpp src\OgreOptimisedUtilGeneral.cpp src\OgreOptimisedUtilSSE.cpp src\OgreParticle.cpp src\OgreParticleEmitter.cpp src\OgreParticleEmitterCommands.cpp src\OgreParticleIterator.cpp src\OgreParticleSystem.cpp src\OgreParticleSystemManager.cpp src\OgrePass.cpp src\OgrePatchMesh.cpp src\OgrePatchSurface.cpp src\OgrePixelCountLodStrategy.cpp src\OgrePixelFormat.cpp src\OgrePlane.cpp src\OgrePlatformInformation.cpp src\OgrePolygon.cpp src\OgrePose.cpp src\OgrePredefinedControllers.cpp src\OgrePrefabFactory.cpp src\OgreProfiler.cpp src\OgreProgressiveMeshGenerator.cpp src\OgreQuaternion.cpp src\OgreQueuedProgressiveMeshGenerator.cpp src\OgreRectangle2D.cpp src\OgreRenderQueue.cpp src\OgreRenderQueueInvocation.cpp src\OgreRenderQueueSortingGrouping.cpp src\OgreRenderSystem.cpp src\OgreRenderSystemCapabilities.cpp src\OgreRenderSystemCapabilitiesManager.cpp src\OgreRenderSystemCapabilitiesSerializer.cpp src\OgreRenderTarget.cpp src\OgreRenderTexture.cpp src\OgreRenderToVertexBuffer.cpp src\OgreRenderWindow.cpp src\OgreResource.cpp src\OgreResourceBackgroundQueue.cpp src\OgreResourceGroupManager.cpp src\OgreResourceManager.cpp src\OgreRibbonTrail.cpp src\OgreRoot.cpp src\OgreRotationSpline.cpp src\OgreSceneManager.cpp src\OgreSceneManagerEnumerator.cpp src\OgreSceneNode.cpp src\OgreSceneQuery.cpp src\OgreScriptCompiler.cpp src\OgreScriptLexer.cpp src\OgreScriptParser.cpp src\OgreScriptTranslator.cpp src\OgreSerializer.cpp src\OgreShadowCameraSetup.cpp src\OgreShadowCameraSetupFocused.cpp src\OgreShadowCameraSetupLiSPSM.cpp src\OgreShadowCameraSetupPlaneOptimal.cpp src\OgreShadowCameraSetupPSSM.cpp src\OgreShadowCaster.cpp src\OgreShadowTextureManager.cpp src\OgreShadowVolumeExtrudeProgram.cpp src\OgreSimpleRenderable.cpp src\OgreSimpleSpline.cpp src\OgreSkeleton.cpp src\OgreSkeletonInstance.cpp src\OgreSkeletonManager.cpp src\OgreSkeletonSerializer.cpp src\OgreSmallVector.cpp src\OgreStaticGeometry.cpp src\OgreStreamSerialiser.cpp src\OgreString.cpp src\OgreStringConverter.cpp src\OgreStringInterface.cpp src\OgreSubEntity.cpp src\OgreSubMesh.cpp src\OgreTagPoint.cpp src\OgreTangentSpaceCalc.cpp src\OgreTechnique.cpp src\OgreTexture.cpp src\OgreTextureManager.cpp src\OgreTextureUnitState.cpp src\OgreUnifiedHighLevelGpuProgram.cpp src\OgreUserObjectBindings.cpp src\OgreUTFString.cpp src\OgreVector2.cpp src\OgreVector3.cpp src\OgreVector4.cpp src\OgreVertexIndexData.cpp src\OgreViewport.cpp src\OgreWindowEventUtilities.cpp src\OgreWireBoundingBox.cpp src\OgreWorkQueue.cpp src\OgreFreeImageCodec.cpp src\OgreDDSCodec.cpp src\OgreZip.cpp src\WIN32\OgreConfigDialog.cpp src\WIN32\OgreErrorDialog.cpp src\WIN32\OgreFileSystemLayer.cpp src\WIN32\OgreTimer.cpp src\Threading\OgreDefaultWorkQueueStandard.cpp
         OgreAlignedAllocator.cpp
         OgreAnimable.cpp
         OgreAnimation.cpp
         OgreAnimationState.cpp
         OgreAnimationTrack.cpp
         OgreArchiveManager.cpp
         OgreAutoParamDataSource.cpp
     1>D:\EarthViewEditor\OgreMain\include\OgreMath.h : warning C4819: 该文件包含不能在当前代码页(936)中表示的字符。请将该文件保存为 Unicode 格式以防止数据丢失 (src\OgreAutoParamDataSource.cpp)
         OgreAxisAlignedBox.cpp
         OgreBillboard.cpp
         OgreBillboardChain.cpp
         OgreBillboardParticleRenderer.cpp
         OgreBillboardSet.cpp
         OgreBone.cpp
         OgreCamera.cpp
     1>D:\EarthViewEditor\OgreMain\include\OgreMath.h : warning C4819: 该文件包含不能在当前代码页(936)中表示的字符。请将该文件保存为 Unicode 格式以防止数据丢失 (src\OgreCamera.cpp)
     1>D:\EarthViewEditor\OgreMain\include\OgreMath.h : warning C4819: 该文件包含不能在当前代码页(936)中表示的字符。请将该文件保存为 Unicode 格式以防止数据丢失 (src\OgreBillboardSet.cpp)
         OgreCodec.cpp
         OgreColourValue.cpp
     1>D:\EarthViewEditor\OgreMain\include\OgreMath.h : warning C4819: 该文件包含不能在当前代码页(936)中表示的字符。请将该文件保存为 Unicode 格式以防止数据丢失 (src\OgreColourValue.cpp)
         OgreCommon.cpp
         OgreCompositionPass.cpp
         OgreCompositionTargetPass.cpp
         OgreCompositionTechnique.cpp
         OgreCompositor.cpp
         OgreCompositorChain.cpp
         OgreCompositorInstance.cpp
         OgreCompositorManager.cpp
         OgreConfigFile.cpp
         OgreControllerManager.cpp
         OgreConvexBody.cpp
         OgreDataStream.cpp
         OgreDefaultHardwareBufferManager.cpp
         OgreDefaultSceneQueries.cpp
         OgreDeflate.cpp
         OgreDepthBuffer.cpp
         OgreDistanceLodStrategy.cpp
         OgreDualQuaternion.cpp
     1>D:\EarthViewEditor\OgreMain\include\OgreDualQuaternion.h : warning C4819: 该文件包含不能在当前代码页(936)中表示的字符。请将该文件保存为 Unicode 格式以防止数据丢失 (src\OgreDualQuaternion.cpp)
     1>d:\earthvieweditor\ogremain\include\OgreMath.h : warning C4819: 该文件包含不能在当前代码页(936)中表示的字符。请将该文件保存为 Unicode 格式以防止数据丢失 (src\OgreDualQuaternion.cpp)
     1>D:\EarthViewEditor\OgreMain\include\OgreMath.h : warning C4819: 该文件包含不能在当前代码页(936)中表示的字符。请将该文件保存为 Unicode 格式以防止数据丢失 (src\OgreDualQuaternion.cpp)
         OgreDynLib.cpp
         OgreDynLibManager.cpp
         OgreEdgeListBuilder.cpp
         OgreEntity.cpp
         OgreException.cpp
         OgreExternalTextureSource.cpp
         OgreExternalTextureSourceManager.cpp
         OgreFileSystem.cpp
         OgreFrustum.cpp
     1>D:\EarthViewEditor\OgreMain\include\OgreMath.h : warning C4819: 该文件包含不能在当前代码页(936)中表示的字符。请将该文件保存为 Unicode 格式以防止数据丢失 (src\OgreFrustum.cpp)
         OgreGpuProgram.cpp
         OgreGpuProgramManager.cpp
         OgreGpuProgramParams.cpp
     1>D:\EarthViewEditor\OgreMain\include\OgreDualQuaternion.h : warning C4819: 该文件包含不能在当前代码页(936)中表示的字符。请将该文件保存为 Unicode 格式以防止数据丢失 (src\OgreGpuProgramParams.cpp)
     1>d:\earthvieweditor\ogremain\include\OgreMath.h : warning C4819: 该文件包含不能在当前代码页(936)中表示的字符。请将该文件保存为 Unicode 格式以防止数据丢失 (src\OgreGpuProgramParams.cpp)
         OgreGpuProgramUsage.cpp
         OgreHardwareBufferManager.cpp
         OgreHardwareCounterBuffer.cpp
         OgreHardwareIndexBuffer.cpp
         OgreHardwareOcclusionQuery.cpp
         OgreHardwarePixelBuffer.cpp
         OgreHardwareUniformBuffer.cpp
         OgreHardwareVertexBuffer.cpp
         OgreHighLevelGpuProgram.cpp
         OgreHighLevelGpuProgramManager.cpp
         OgreImage.cpp
     1>D:\EarthViewEditor\OgreMain\include\OgreMath.h : warning C4819: 该文件包含不能在当前代码页(936)中表示的字符。请将该文件保存为 Unicode 格式以防止数据丢失 (src\OgreImage.cpp)
         OgreInstanceBatch.cpp
         OgreInstanceBatchHW.cpp
         OgreInstanceBatchHW_VTF.cpp
         OgreInstanceBatchShader.cpp
         OgreInstanceBatchVTF.cpp
         OgreInstancedGeometry.cpp
     1>D:\EarthViewEditor\OgreMain\include\OgreDualQuaternion.h : warning C4819: 该文件包含不能在当前代码页(936)中表示的字符。请将该文件保存为 Unicode 格式以防止数据丢失 (src\OgreInstanceBatchVTF.cpp)
     1>d:\earthvieweditor\ogremain\include\OgreMath.h : warning C4819: 该文件包含不能在当前代码页(936)中表示的字符。请将该文件保存为 Unicode 格式以防止数据丢失 (src\OgreInstanceBatchVTF.cpp)
         OgreInstancedEntity.cpp
         OgreInstanceManager.cpp
         OgreKeyFrame.cpp
         OgreLight.cpp
         OgreLodStrategy.cpp
         OgreLodStrategyManager.cpp
         OgreLog.cpp
         OgreLogManager.cpp
         OgreManualObject.cpp
         OgreMaterial.cpp
         OgreMaterialManager.cpp
         OgreMaterialSerializer.cpp
         OgreMath.cpp
     1>D:\EarthViewEditor\OgreMain\include\OgreMath.h : warning C4819: 该文件包含不能在当前代码页(936)中表示的字符。请将该文件保存为 Unicode 格式以防止数据丢失 (src\OgreMath.cpp)
         OgreMatrix3.cpp
     1>D:\EarthViewEditor\OgreMain\include\OgreMath.h : warning C4819: 该文件包含不能在当前代码页(936)中表示的字符。请将该文件保存为 Unicode 格式以防止数据丢失 (src\OgreMatrix3.cpp)
         OgreMatrix4.cpp
         OgreMemoryAllocatedObject.cpp
         OgreMemoryNedAlloc.cpp
     1>d:\earthvieweditor\ogremain\include\OgreHeaderSuffix.h(34): warning C4193: #pragma warning(pop) : 没有匹配的“#pragma warning(push)” (src\OgreMemoryNedAlloc.cpp)
         OgreMemoryNedPooling.cpp
         OgreMemoryTracker.cpp
         OgreMesh.cpp
         OgreMeshManager.cpp
         OgreMeshSerializer.cpp
         OgreMeshSerializerImpl.cpp
         OgreMovableObject.cpp
         OgreMovablePlane.cpp
         OgreNode.cpp
     1>D:\EarthViewEditor\OgreMain\include\OgreMath.h : warning C4819: 该文件包含不能在当前代码页(936)中表示的字符。请将该文件保存为 Unicode 格式以防止数据丢失 (src\OgreNode.cpp)
         OgreNumerics.cpp
         OgreOptimisedUtil.cpp
         OgreOptimisedUtilGeneral.cpp
         OgreOptimisedUtilSSE.cpp
         OgreParticle.cpp
         OgreParticleEmitter.cpp
         OgreParticleEmitterCommands.cpp
         OgreParticleIterator.cpp
         OgreParticleSystem.cpp
         OgreParticleSystemManager.cpp
         OgrePass.cpp
         OgrePatchMesh.cpp
         OgrePatchSurface.cpp
         OgrePixelCountLodStrategy.cpp
         OgrePixelFormat.cpp
     1>src\OgrePixelFormat.cpp(1353): warning C4244: “return”: 从“float”转换到“size_t”，可能丢失数据
     1>src\OgrePixelFormat.cpp(1360): warning C4244: “return”: 从“float”转换到“size_t”，可能丢失数据
     1>src\OgrePixelFormat.cpp(1475): warning C4244: “=”: 从“const Ogre::uint64”转换到“Ogre::uint32”，可能丢失数据
     1>src\OgrePixelFormat.cpp(1476): warning C4244: “=”: 从“const Ogre::uint64”转换到“Ogre::uint32”，可能丢失数据
     1>src\OgrePixelFormat.cpp(1477): warning C4244: “=”: 从“const Ogre::uint64”转换到“Ogre::uint32”，可能丢失数据
     1>src\OgrePixelFormat.cpp(1478): warning C4244: “=”: 从“const Ogre::uint64”转换到“Ogre::uint32”，可能丢失数据
         OgrePlane.cpp
         OgrePlatformInformation.cpp
         OgrePolygon.cpp
         OgrePose.cpp
         OgrePredefinedControllers.cpp
         OgrePrefabFactory.cpp
         OgreProfiler.cpp
         OgreProgressiveMeshGenerator.cpp
         OgreQuaternion.cpp
     1>D:\EarthViewEditor\OgreMain\include\OgreMath.h : warning C4819: 该文件包含不能在当前代码页(936)中表示的字符。请将该文件保存为 Unicode 格式以防止数据丢失 (src\OgreQuaternion.cpp)
         OgreQueuedProgressiveMeshGenerator.cpp
         OgreRectangle2D.cpp
     1>D:\EarthViewEditor\OgreMain\include\OgreMath.h : warning C4819: 该文件包含不能在当前代码页(936)中表示的字符。请将该文件保存为 Unicode 格式以防止数据丢失 (src\OgrePredefinedControllers.cpp)
         OgreRenderQueue.cpp
         OgreRenderQueueInvocation.cpp
         OgreRenderQueueSortingGrouping.cpp
         OgreRenderSystem.cpp
         OgreRenderSystemCapabilities.cpp
         OgreRenderSystemCapabilitiesManager.cpp
         OgreRenderSystemCapabilitiesSerializer.cpp
         OgreRenderTarget.cpp
         OgreRenderTexture.cpp
         OgreRenderToVertexBuffer.cpp
         OgreRenderWindow.cpp
         OgreResource.cpp
         OgreResourceBackgroundQueue.cpp
         OgreResourceGroupManager.cpp
         OgreResourceManager.cpp
         OgreRibbonTrail.cpp
         OgreRoot.cpp
     1>D:\EarthViewEditor\OgreMain\include\OgreMath.h : warning C4819: 该文件包含不能在当前代码页(936)中表示的字符。请将该文件保存为 Unicode 格式以防止数据丢失 (src\OgreRibbonTrail.cpp)
         OgreRotationSpline.cpp
         OgreSceneManager.cpp
         OgreSceneManagerEnumerator.cpp
     1>D:\EarthViewEditor\OgreMain\include\OgreMath.h : warning C4819: 该文件包含不能在当前代码页(936)中表示的字符。请将该文件保存为 Unicode 格式以防止数据丢失 (src\OgreRoot.cpp)
         OgreSceneNode.cpp
     1>D:\EarthViewEditor\OgreMain\include\OgreMath.h : warning C4819: 该文件包含不能在当前代码页(936)中表示的字符。请将该文件保存为 Unicode 格式以防止数据丢失 (src\OgreSceneManager.cpp)
     1>D:\EarthViewEditor\OgreMain\include\OgreMath.h : warning C4819: 该文件包含不能在当前代码页(936)中表示的字符。请将该文件保存为 Unicode 格式以防止数据丢失 (src\OgreSceneNode.cpp)
         OgreSceneQuery.cpp
         OgreScriptCompiler.cpp
         OgreScriptLexer.cpp
         OgreScriptParser.cpp
         OgreScriptTranslator.cpp
         OgreSerializer.cpp
         OgreShadowCameraSetup.cpp
         OgreShadowCameraSetupFocused.cpp
         OgreShadowCameraSetupLiSPSM.cpp
         OgreShadowCameraSetupPlaneOptimal.cpp
         OgreShadowCameraSetupPSSM.cpp
         OgreShadowCaster.cpp
         OgreShadowTextureManager.cpp
         OgreShadowVolumeExtrudeProgram.cpp
         OgreSimpleRenderable.cpp
         OgreSimpleSpline.cpp
         OgreSkeleton.cpp
         OgreSkeletonInstance.cpp
         OgreSkeletonManager.cpp
         OgreSkeletonSerializer.cpp
         OgreSmallVector.cpp
         OgreStaticGeometry.cpp
         OgreStreamSerialiser.cpp
         OgreString.cpp
         OgreStringConverter.cpp
         OgreStringInterface.cpp
         OgreSubEntity.cpp
         OgreSubMesh.cpp
         OgreTagPoint.cpp
         OgreTangentSpaceCalc.cpp
         OgreTechnique.cpp
         OgreTexture.cpp
         OgreTextureManager.cpp
         OgreTextureUnitState.cpp
         OgreUnifiedHighLevelGpuProgram.cpp
         OgreUserObjectBindings.cpp
         OgreUTFString.cpp
         OgreVector2.cpp
     1>D:\EarthViewEditor\OgreMain\include\OgreMath.h : warning C4819: 该文件包含不能在当前代码页(936)中表示的字符。请将该文件保存为 Unicode 格式以防止数据丢失 (src\OgreVector2.cpp)
         OgreVector3.cpp
     1>D:\EarthViewEditor\OgreMain\include\OgreMath.h : warning C4819: 该文件包含不能在当前代码页(936)中表示的字符。请将该文件保存为 Unicode 格式以防止数据丢失 (src\OgreVector3.cpp)
         OgreVector4.cpp
     1>D:\EarthViewEditor\OgreMain\include\OgreMath.h : warning C4819: 该文件包含不能在当前代码页(936)中表示的字符。请将该文件保存为 Unicode 格式以防止数据丢失 (src\OgreVector4.cpp)
         OgreVertexIndexData.cpp
         OgreViewport.cpp
     1>D:\EarthViewEditor\OgreMain\include\OgreMath.h : warning C4819: 该文件包含不能在当前代码页(936)中表示的字符。请将该文件保存为 Unicode 格式以防止数据丢失 (src\OgreViewport.cpp)
         OgreWindowEventUtilities.cpp
         OgreWireBoundingBox.cpp
         OgreWorkQueue.cpp
         OgreFreeImageCodec.cpp
         OgreDDSCodec.cpp
         OgreZip.cpp
     1>D:\EarthViewEditor\Dependencies\include\FreeImage.h : warning C4819: 该文件包含不能在当前代码页(936)中表示的字符。请将该文件保存为 Unicode 格式以防止数据丢失 (src\OgreFreeImageCodec.cpp)
         OgreConfigDialog.cpp
         OgreErrorDialog.cpp
         OgreFileSystemLayer.cpp
         OgreTimer.cpp
         OgreDefaultWorkQueueStandard.cpp
       ResourceCompile:
         C:\Program Files (x86)\Windows Kits\8.0\bin\x86\rc.exe /D WIN32 /D _WINDOWS /D _DEBUG /D DEBUG /D OGRE_NONCLIENT_BUILD /D FREEIMAGE_LIB /D _MT /D _USRDLL /D "CMAKE_INTDIR=\\\"Debug\\\"" /D OgreMain_EXPORTS /l"0x0409" /ID:\Ogre_Compile\Ogre_SRC\OgreMain\include /ID:\Ogre_Compile\Ogre_SRC\include /ID:\Ogre_Compile\Ogre_SRC\Dependencies\include /ID:\Ogre_Compile\Ogre_SRC\Dependencies\include\OIS /ID:\Ogre_Compile\Ogre_SRC\Dependencies\include\Cg /ID:\Ogre_Compile\Ogre_SRC /ID:\Ogre_Compile\Ogre_SRC\OgreMain\include\Threading /ID:\Ogre_Compile\Ogre_SRC\OgreMain\include\WIN32 /ID:\Ogre_Compile\Ogre_SRC\OgreMain\src\nedmalloc /nologo /fo"..\bin\Debug\OgreWin32Resources.res" src\WIN32\OgreWin32Resources.rc 
       Link:
         C:\Program Files (x86)\Microsoft Visual Studio 11.0\VC\bin\link.exe /ERRORREPORT:PROMPT /OUT:"..\bin\Debug\OgreMain_d.dll" /INCREMENTAL /NOLOGO kernel32.lib user32.lib gdi32.lib winspool.lib shell32.lib ole32.lib oleaut32.lib uuid.lib comdlg32.lib advapi32.lib ..\Dependencies\bin\Debug\FreeImaged_d.lib ..\Dependencies\bin\Debug\zziplibd_d.lib ..\Dependencies\bin\Debug\zlibd_d.lib /MANIFEST /MANIFESTUAC:"level='asInvoker' uiAccess='false'" /manifest:embed /DEBUG /PDB:"D:/Ogre_Compile/Ogre_SRC/bin/Debug/OgreMain_d.pdb" /SUBSYSTEM:CONSOLE /TLBID:1 /DYNAMICBASE /NXCOMPAT /IMPLIB:"D:/Ogre_Compile/Ogre_SRC/lib/Debug/OgreMain_d.lib" /MACHINE:X86 /SAFESEH  /machine:X86 /debug /DLL ..\bin\Debug\OgreWin32Resources.res
         ..\bin\Debug\OgreAlignedAllocator.obj
         ..\bin\Debug\OgreAnimable.obj
         ..\bin\Debug\OgreAnimation.obj
         ..\bin\Debug\OgreAnimationState.obj
         ..\bin\Debug\OgreAnimationTrack.obj
         ..\bin\Debug\OgreArchiveManager.obj
         ..\bin\Debug\OgreAutoParamDataSource.obj
         ..\bin\Debug\OgreAxisAlignedBox.obj
         ..\bin\Debug\OgreBillboard.obj
         ..\bin\Debug\OgreBillboardChain.obj
         ..\bin\Debug\OgreBillboardParticleRenderer.obj
         ..\bin\Debug\OgreBillboardSet.obj
         ..\bin\Debug\OgreBone.obj
         ..\bin\Debug\OgreCamera.obj
         ..\bin\Debug\OgreCodec.obj
         ..\bin\Debug\OgreColourValue.obj
         ..\bin\Debug\OgreCommon.obj
         ..\bin\Debug\OgreCompositionPass.obj
         ..\bin\Debug\OgreCompositionTargetPass.obj
         ..\bin\Debug\OgreCompositionTechnique.obj
         ..\bin\Debug\OgreCompositor.obj
         ..\bin\Debug\OgreCompositorChain.obj
         ..\bin\Debug\OgreCompositorInstance.obj
         ..\bin\Debug\OgreCompositorManager.obj
         ..\bin\Debug\OgreConfigFile.obj
         ..\bin\Debug\OgreControllerManager.obj
         ..\bin\Debug\OgreConvexBody.obj
         ..\bin\Debug\OgreDataStream.obj
         ..\bin\Debug\OgreDefaultHardwareBufferManager.obj
         ..\bin\Debug\OgreDefaultSceneQueries.obj
         ..\bin\Debug\OgreDeflate.obj
         ..\bin\Debug\OgreDepthBuffer.obj
         ..\bin\Debug\OgreDistanceLodStrategy.obj
         ..\bin\Debug\OgreDualQuaternion.obj
         ..\bin\Debug\OgreDynLib.obj
         ..\bin\Debug\OgreDynLibManager.obj
         ..\bin\Debug\OgreEdgeListBuilder.obj
         ..\bin\Debug\OgreEntity.obj
         ..\bin\Debug\OgreException.obj
         ..\bin\Debug\OgreExternalTextureSource.obj
         ..\bin\Debug\OgreExternalTextureSourceManager.obj
         ..\bin\Debug\OgreFileSystem.obj
         ..\bin\Debug\OgreFrustum.obj
         ..\bin\Debug\OgreGpuProgram.obj
         ..\bin\Debug\OgreGpuProgramManager.obj
         ..\bin\Debug\OgreGpuProgramParams.obj
         ..\bin\Debug\OgreGpuProgramUsage.obj
         ..\bin\Debug\OgreHardwareBufferManager.obj
         ..\bin\Debug\OgreHardwareCounterBuffer.obj
         ..\bin\Debug\OgreHardwareIndexBuffer.obj
         ..\bin\Debug\OgreHardwareOcclusionQuery.obj
         ..\bin\Debug\OgreHardwarePixelBuffer.obj
         ..\bin\Debug\OgreHardwareUniformBuffer.obj
         ..\bin\Debug\OgreHardwareVertexBuffer.obj
         ..\bin\Debug\OgreHighLevelGpuProgram.obj
         ..\bin\Debug\OgreHighLevelGpuProgramManager.obj
         ..\bin\Debug\OgreImage.obj
         ..\bin\Debug\OgreInstanceBatch.obj
         ..\bin\Debug\OgreInstanceBatchHW.obj
         ..\bin\Debug\OgreInstanceBatchHW_VTF.obj
         ..\bin\Debug\OgreInstanceBatchShader.obj
         ..\bin\Debug\OgreInstanceBatchVTF.obj
         ..\bin\Debug\OgreInstancedGeometry.obj
         ..\bin\Debug\OgreInstancedEntity.obj
         ..\bin\Debug\OgreInstanceManager.obj
         ..\bin\Debug\OgreKeyFrame.obj
         ..\bin\Debug\OgreLight.obj
         ..\bin\Debug\OgreLodStrategy.obj
         ..\bin\Debug\OgreLodStrategyManager.obj
         ..\bin\Debug\OgreLog.obj
         ..\bin\Debug\OgreLogManager.obj
         ..\bin\Debug\OgreManualObject.obj
         ..\bin\Debug\OgreMaterial.obj
         ..\bin\Debug\OgreMaterialManager.obj
         ..\bin\Debug\OgreMaterialSerializer.obj
         ..\bin\Debug\OgreMath.obj
         ..\bin\Debug\OgreMatrix3.obj
         ..\bin\Debug\OgreMatrix4.obj
         ..\bin\Debug\OgreMemoryAllocatedObject.obj
         ..\bin\Debug\OgreMemoryNedAlloc.obj
         ..\bin\Debug\OgreMemoryNedPooling.obj
         ..\bin\Debug\OgreMemoryTracker.obj
         ..\bin\Debug\OgreMesh.obj
         ..\bin\Debug\OgreMeshManager.obj
         ..\bin\Debug\OgreMeshSerializer.obj
         ..\bin\Debug\OgreMeshSerializerImpl.obj
         ..\bin\Debug\OgreMovableObject.obj
         ..\bin\Debug\OgreMovablePlane.obj
         ..\bin\Debug\OgreNode.obj
         ..\bin\Debug\OgreNumerics.obj
         ..\bin\Debug\OgreOptimisedUtil.obj
         ..\bin\Debug\OgreOptimisedUtilGeneral.obj
         ..\bin\Debug\OgreOptimisedUtilSSE.obj
         ..\bin\Debug\OgreParticle.obj
         ..\bin\Debug\OgreParticleEmitter.obj
         ..\bin\Debug\OgreParticleEmitterCommands.obj
         ..\bin\Debug\OgreParticleIterator.obj
         ..\bin\Debug\OgreParticleSystem.obj
         ..\bin\Debug\OgreParticleSystemManager.obj
         ..\bin\Debug\OgrePass.obj
         ..\bin\Debug\OgrePatchMesh.obj
         ..\bin\Debug\OgrePatchSurface.obj
         ..\bin\Debug\OgrePixelCountLodStrategy.obj
         ..\bin\Debug\OgrePixelFormat.obj
         ..\bin\Debug\OgrePlane.obj
         ..\bin\Debug\OgrePlatformInformation.obj
         ..\bin\Debug\OgrePolygon.obj
         ..\bin\Debug\OgrePose.obj
         ..\bin\Debug\OgrePrecompiledHeaders.obj
         ..\bin\Debug\OgrePredefinedControllers.obj
         ..\bin\Debug\OgrePrefabFactory.obj
         ..\bin\Debug\OgreProfiler.obj
         ..\bin\Debug\OgreProgressiveMeshGenerator.obj
         ..\bin\Debug\OgreQuaternion.obj
         ..\bin\Debug\OgreQueuedProgressiveMeshGenerator.obj
         ..\bin\Debug\OgreRectangle2D.obj
         ..\bin\Debug\OgreRenderQueue.obj
         ..\bin\Debug\OgreRenderQueueInvocation.obj
         ..\bin\Debug\OgreRenderQueueSortingGrouping.obj
         ..\bin\Debug\OgreRenderSystem.obj
         ..\bin\Debug\OgreRenderSystemCapabilities.obj
         ..\bin\Debug\OgreRenderSystemCapabilitiesManager.obj
         ..\bin\Debug\OgreRenderSystemCapabilitiesSerializer.obj
         ..\bin\Debug\OgreRenderTarget.obj
         ..\bin\Debug\OgreRenderTexture.obj
         ..\bin\Debug\OgreRenderToVertexBuffer.obj
         ..\bin\Debug\OgreRenderWindow.obj
         ..\bin\Debug\OgreResource.obj
         ..\bin\Debug\OgreResourceBackgroundQueue.obj
         ..\bin\Debug\OgreResourceGroupManager.obj
         ..\bin\Debug\OgreResourceManager.obj
         ..\bin\Debug\OgreRibbonTrail.obj
         ..\bin\Debug\OgreRoot.obj
         ..\bin\Debug\OgreRotationSpline.obj
         ..\bin\Debug\OgreSceneManager.obj
         ..\bin\Debug\OgreSceneManagerEnumerator.obj
         ..\bin\Debug\OgreSceneNode.obj
         ..\bin\Debug\OgreSceneQuery.obj
         ..\bin\Debug\OgreScriptCompiler.obj
         ..\bin\Debug\OgreScriptLexer.obj
         ..\bin\Debug\OgreScriptParser.obj
         ..\bin\Debug\OgreScriptTranslator.obj
         ..\bin\Debug\OgreSerializer.obj
         ..\bin\Debug\OgreShadowCameraSetup.obj
         ..\bin\Debug\OgreShadowCameraSetupFocused.obj
         ..\bin\Debug\OgreShadowCameraSetupLiSPSM.obj
         ..\bin\Debug\OgreShadowCameraSetupPlaneOptimal.obj
         ..\bin\Debug\OgreShadowCameraSetupPSSM.obj
         ..\bin\Debug\OgreShadowCaster.obj
         ..\bin\Debug\OgreShadowTextureManager.obj
         ..\bin\Debug\OgreShadowVolumeExtrudeProgram.obj
         ..\bin\Debug\OgreSimpleRenderable.obj
         ..\bin\Debug\OgreSimpleSpline.obj
         ..\bin\Debug\OgreSkeleton.obj
         ..\bin\Debug\OgreSkeletonInstance.obj
         ..\bin\Debug\OgreSkeletonManager.obj
         ..\bin\Debug\OgreSkeletonSerializer.obj
         ..\bin\Debug\OgreSmallVector.obj
         ..\bin\Debug\OgreStaticGeometry.obj
         ..\bin\Debug\OgreStreamSerialiser.obj
         ..\bin\Debug\OgreString.obj
         ..\bin\Debug\OgreStringConverter.obj
         ..\bin\Debug\OgreStringInterface.obj
         ..\bin\Debug\OgreSubEntity.obj
         ..\bin\Debug\OgreSubMesh.obj
         ..\bin\Debug\OgreTagPoint.obj
         ..\bin\Debug\OgreTangentSpaceCalc.obj
         ..\bin\Debug\OgreTechnique.obj
         ..\bin\Debug\OgreTexture.obj
         ..\bin\Debug\OgreTextureManager.obj
         ..\bin\Debug\OgreTextureUnitState.obj
         ..\bin\Debug\OgreUnifiedHighLevelGpuProgram.obj
         ..\bin\Debug\OgreUserObjectBindings.obj
         ..\bin\Debug\OgreUTFString.obj
         ..\bin\Debug\OgreVector2.obj
         ..\bin\Debug\OgreVector3.obj
         ..\bin\Debug\OgreVector4.obj
         ..\bin\Debug\OgreVertexIndexData.obj
         ..\bin\Debug\OgreViewport.obj
         ..\bin\Debug\OgreWindowEventUtilities.obj
         ..\bin\Debug\OgreWireBoundingBox.obj
         ..\bin\Debug\OgreWorkQueue.obj
         ..\bin\Debug\OgreFreeImageCodec.obj
         ..\bin\Debug\OgreDDSCodec.obj
         ..\bin\Debug\OgreZip.obj
         ..\bin\Debug\OgreConfigDialog.obj
         ..\bin\Debug\OgreErrorDialog.obj
         ..\bin\Debug\OgreFileSystemLayer.obj
         ..\bin\Debug\OgreTimer.obj
         ..\bin\Debug\OgreDefaultWorkQueueStandard.obj
     1>FreeImaged_d.lib(deflate.obj) : warning LNK4075: 忽略“/EDITANDCONTINUE”(由于“/SAFESEH”规范)
            正在创建库 D:/Ogre_Compile/Ogre_SRC/lib/Debug/OgreMain_d.lib 和对象 D:/Ogre_Compile/Ogre_SRC/lib/Debug/OgreMain_d.exp
         OgreMain.vcxproj -> D:\EarthViewEditor\OgreMain\..\bin\Debug\OgreMain_d.dll
       FinalizeBuildStatus:
         正在删除文件“..\bin\Debug\OgreMain.unsuccessfulbuild”。
         正在对“..\bin\Debug\OgreMain.lastbuildstate”执行 Touch 任务。
     1>已完成生成项目“D:\EarthViewEditor\OgreMain\OgreMain.vcxproj”(Build 个目标)的操作。

生成成功。

已用时间 00:23:37.77
